<?xml version="1.0" encoding="UTF-8"?>
<!-- Generated by org.testng.reporters.JUnitXMLReporter -->
<testsuite ignored="2" hostname="DESKTOP-RG878RI" failures="0" tests="2" name="GRP-abua7mad" time="0.092" errors="0" timestamp="2023-03-01T19:53:00 EET">
  <testcase classname="MyClass" name="testOne" time="0.016"/>
  <testcase classname="MyClass" name="testFour" time="0.004"/>
  <testcase classname="MyClass" name="testThree" time="0.0">
    <ignored/>
  </testcase> <!-- testThree -->
  <testcase classname="MyClass" name="testTwo" time="0.0">
    <ignored/>
  </testcase> <!-- testTwo -->
</testsuite> <!-- GRP-abua7mad -->
